2016-07-12 20:24:52 Debug: {"status":"ok","login":{"user_id":200004,"token":"Am6Wj0BxHmvvUFLPAvWtQgkqE2Ndhq14M3bBKpP9rJPnQJn0xj6ktBaTheE3O0CY","refresh":"bIVfDqngDsKG99OyoI3bT5WCWpM9BcDE1Skgl8R5Zwe67SLJTKRmHOPjuEvebhSE"}}
2016-07-12 20:24:52 Debug: {"status":"ok","user":{"id":200004,"name":"\u4f50\u85e4 \u572d\u543e","yomi":"\u30b5\u30c8\u30a6 \u30b1\u30a4\u30b4","nickname":"\u3057\u3093\u305f\u308a\u3089\u3093","phone":"09041328506","email":"sintariran@yahoo.co.jp","created":"2016-04-15 12:00:46","modified":"2016-07-06 20:05:43","io":false,"cname":"","cyomi":"","introducer":1000,"agent":0,"usetype":1,"section":4}}
2016-07-15 23:34:54 Debug: {"status":"ok","login":{"user_id":200004,"token":"UlRyYe1FWqaTxgH159QXVBe8RpNcI4umxe5JPBfWsLwW3SCt6lCKvViqUGvDmjVF","refresh":"VvYFKzV1bcwD9Uro4LrhA8k4PAJov4NyKWEhc73egkaGnBIgtbCN4v35nrHK98i2"}}
2016-07-15 23:34:54 Debug: {"status":"ok","user":{"id":200004,"name":"\u4f50\u85e4 \u572d\u543e","yomi":"\u30b5\u30c8\u30a6 \u30b1\u30a4\u30b4","nickname":"\u3057\u3093\u305f\u308a\u3089\u3093","phone":"09041328506","email":"sintariran@yahoo.co.jp","created":"2016-04-15 12:00:46","modified":"2016-07-06 20:05:43","io":false,"cname":"","cyomi":"","introducer":1000,"agent":0,"usetype":1,"section":4}}
2016-07-15 23:35:14 Debug: {"status":"ok","login":{"user_id":200004,"token":"pzINlMNBqkAJOUbtTZxCFeg4d1PMmrBhqqeKpLTXu4RSePd0NGHeL7sSILQ9NhSG","refresh":"Kv2mFCdxhLzP4W5w79i2PQ7omIG5NHoNLXNdCWr1dCo6Xuf9ADG3XpYSLUUJIu4x"}}
2016-07-15 23:35:14 Debug: {"status":"ok","user":{"id":200004,"name":"\u4f50\u85e4 \u572d\u543e","yomi":"\u30b5\u30c8\u30a6 \u30b1\u30a4\u30b4","nickname":"\u3057\u3093\u305f\u308a\u3089\u3093","phone":"09041328506","email":"sintariran@yahoo.co.jp","created":"2016-04-15 12:00:46","modified":"2016-07-06 20:05:43","io":false,"cname":"","cyomi":"","introducer":1000,"agent":0,"usetype":1,"section":4}}
2016-07-15 23:35:32 Debug: {"status":"ok","login":{"user_id":200004,"token":"jHMpi7kCNuhiHXMEjPvEI0XKWjqy9Tq7MZHgqHdFeZhywC61vVJrR3F8LPtI3aYz","refresh":"0Vs5LoLPBghmVUBh5ariKQiIh4zlpT5Kl3TNwcLZIZPve5YdQqMBeGNPW4FDcF7l"}}
2016-07-15 23:35:32 Debug: {"status":"ok","user":{"id":200004,"name":"\u4f50\u85e4 \u572d\u543e","yomi":"\u30b5\u30c8\u30a6 \u30b1\u30a4\u30b4","nickname":"\u3057\u3093\u305f\u308a\u3089\u3093","phone":"09041328506","email":"sintariran@yahoo.co.jp","created":"2016-04-15 12:00:46","modified":"2016-07-06 20:05:43","io":false,"cname":"","cyomi":"","introducer":1000,"agent":0,"usetype":1,"section":4}}
2016-07-15 23:37:54 Debug: {"status":"ok","login":{"user_id":200004,"token":"AFHKTgneAizAaVAeXwOWgGVBLHtUnmsKk9ufNAVzpajqBCnNmyuHnUCvNM3FPUGk","refresh":"dEeQ4ipZCrR4S4OQAm6RN2rdXUCsTHUt7pTN4GQGvPQaAFURCQ8HvZlc0AXCkhvi"}}
2016-07-15 23:37:56 Debug: {"status":"ok","user":{"id":200004,"name":"\u4f50\u85e4 \u572d\u543e","yomi":"\u30b5\u30c8\u30a6 \u30b1\u30a4\u30b4","nickname":"\u3057\u3093\u305f\u308a\u3089\u3093","phone":"09041328506","email":"sintariran@yahoo.co.jp","created":"2016-04-15 12:00:46","modified":"2016-07-06 20:05:43","io":false,"cname":"","cyomi":"","introducer":1000,"agent":0,"usetype":1,"section":4}}
2016-07-15 23:39:59 Debug: {"status":"ok","login":{"user_id":200004,"token":"SRN360njUkjOYvP9KqvYn2mAxYvZ6llCI5YdeLw0yki6xHuLV3Q4S0Zqg3ArBla0","refresh":"LX3xJvFCKYPuIqeLH2XX9ZXqDOPoe0HFHLsKDhUJtiDmjP7imZNFu358ABsqyzXl"}}
2016-07-15 23:39:59 Debug: {"status":"ok","user":{"id":200004,"name":"\u4f50\u85e4 \u572d\u543e","yomi":"\u30b5\u30c8\u30a6 \u30b1\u30a4\u30b4","nickname":"\u3057\u3093\u305f\u308a\u3089\u3093","phone":"09041328506","email":"sintariran@yahoo.co.jp","created":"2016-04-15 12:00:46","modified":"2016-07-06 20:05:43","io":false,"cname":"","cyomi":"","introducer":1000,"agent":0,"usetype":1,"section":4}}
2016-07-16 13:55:01 Debug: {"status":"ok","login":{"user_id":200004,"token":"GZsbMbYRt0b51QhKrAhlnU5qz2S2iUYgYXjo9n5ST8Gq95C5CetbQnd5DASzrl0m","refresh":"DvLdRbsuQhNzCpPgqbAJ6Hg2sVfIG19t3Q22BtLdyaGYGjAaEveXVLe6yGODVyH4"}}
2016-07-16 13:55:01 Debug: {"status":"ok","user":{"id":200004,"name":"\u4f50\u85e4 \u572d\u543e","yomi":"\u30b5\u30c8\u30a6 \u30b1\u30a4\u30b4","nickname":"\u3057\u3093\u305f\u308a\u3089\u3093","phone":"09041328506","email":"sintariran@yahoo.co.jp","created":"2016-04-15 12:00:46","modified":"2016-07-06 20:05:43","io":false,"cname":"","cyomi":"","introducer":1000,"agent":0,"usetype":1,"section":4}}
2016-07-17 16:18:11 Debug: {"status":"ok","login":{"user_id":200002,"token":"faMnzyvdriNzNIkHz8p7SaIa8mLCSp8iub6nKmGKAVmTHzhoz4zKeFsG0btsye7q","refresh":"6A9nxfGPTvWzAJoElkmujedyXMPX6rQoCLdNwqHzUVL7Q3xQYadDOY55UCnEENMa"}}
2016-07-17 16:18:11 Debug: {"status":"ok","user":{"id":200002,"name":"\u85e4\u5e73 \u8ce2\u6cbb","yomi":"\u30d5\u30b8\u30d2\u30e9 \u30b1\u30f3\u30b8","nickname":"\u3075\u3058\u3072\u3089\u3055\u3093","phone":"08040872311","email":"fujikenmmpt@gmail.com","created":"2016-04-15 12:00:46","modified":"2016-07-06 20:06:36","io":false,"cname":"","cyomi":"","introducer":1000,"agent":0,"usetype":1,"section":2}}
2016-07-17 17:28:50 Debug: {"status":"ok","login":{"user_id":200002,"token":"kTlkrX7ROI7nPvuxBCJEn4yrTONvuYPwssv3XVKYdb5enSZc1KHKq0RoD7csr0EZ","refresh":"FaBcNjOUaiY328Hqho9rVss1um8pyekWGXnVcLKUxKztYRK1iFMKDeA7rANkwFL7"}}
2016-07-17 17:28:51 Debug: {"status":"ok","user":{"id":200002,"name":"\u85e4\u5e73 \u8ce2\u6cbb","yomi":"\u30d5\u30b8\u30d2\u30e9 \u30b1\u30f3\u30b8","nickname":"\u3075\u3058\u3072\u3089\u3055\u3093","phone":"08040872311","email":"fujikenmmpt@gmail.com","created":"2016-04-15 12:00:46","modified":"2016-07-06 20:06:36","io":false,"cname":"","cyomi":"","introducer":1000,"agent":0,"usetype":1,"section":2}}
2016-07-17 17:37:32 Debug: {"status":"ok","login":{"user_id":200002,"token":"Z5mAkCLHTRSSyCy0NQuXt3xnoOwkcyHYi2a0D23gHytyBs5cHlsVUU6EWYPFCQ9S","refresh":"hdIxq9YrP7VaG50XG1QCw9mztcArBGfh8cbtrcGd6q0r2GcFjVUIWtAz3gaGeh50"}}
2016-07-17 17:37:32 Debug: {"status":"ok","user":{"id":200002,"name":"\u85e4\u5e73 \u8ce2\u6cbb","yomi":"\u30d5\u30b8\u30d2\u30e9 \u30b1\u30f3\u30b8","nickname":"\u3075\u3058\u3072\u3089\u3055\u3093","phone":"08040872311","email":"fujikenmmpt@gmail.com","created":"2016-04-15 12:00:46","modified":"2016-07-06 20:06:36","io":false,"cname":"","cyomi":"","introducer":1000,"agent":0,"usetype":1,"section":2}}
2016-07-17 17:41:57 Debug: {"status":"ok","login":{"user_id":200002,"token":"I4dFCT0Gzy8bkG70hCI8ckxvV82ESX67KZh9sl45jI5XQ1WHmZlQirU37SvFaHhx","refresh":"zvSDBtt1rPqvQXNHw0Eh7wAM0UTjSwnTzlUqVP5rAOFVi3y7THBAQnnwVJSJkkhv"}}
2016-07-17 17:41:57 Debug: {"status":"ok","user":{"id":200002,"name":"\u85e4\u5e73 \u8ce2\u6cbb","yomi":"\u30d5\u30b8\u30d2\u30e9 \u30b1\u30f3\u30b8","nickname":"\u3075\u3058\u3072\u3089\u3055\u3093","phone":"08040872311","email":"fujikenmmpt@gmail.com","created":"2016-04-15 12:00:46","modified":"2016-07-06 20:06:36","io":false,"cname":"","cyomi":"","introducer":1000,"agent":0,"usetype":1,"section":2}}
2016-07-17 17:44:42 Debug: {"status":"ok","login":{"user_id":200002,"token":"8jdB8e19gTCV41gh4fgQVptXSDJ9TkQEPf9fsA9MEQVOAWH3IPDyPwV2iUSIFt2e","refresh":"F58lcjRfRudLlBa46cpCPEbJO1e1gETLfYoCJvvGG1PRBgPtB6Gx5mCHvuFf0oAb"}}
2016-07-17 17:44:42 Debug: {"status":"ok","user":{"id":200002,"name":"\u85e4\u5e73 \u8ce2\u6cbb","yomi":"\u30d5\u30b8\u30d2\u30e9 \u30b1\u30f3\u30b8","nickname":"\u3075\u3058\u3072\u3089\u3055\u3093","phone":"08040872311","email":"fujikenmmpt@gmail.com","created":"2016-04-15 12:00:46","modified":"2016-07-06 20:06:36","io":false,"cname":"","cyomi":"","introducer":1000,"agent":0,"usetype":1,"section":2}}
2016-07-17 17:47:15 Debug: {"status":"ok","login":{"user_id":200002,"token":"gUmDPEAlZTO8D9benksVnLHUnLCpzjqkPaLHp395JAcQubM9D8Kz1ozCF4MdaXJL","refresh":"HoXLTQgK2OSdHA5xRfzmTn7fSCH7zy9UQ6GSofBZQ2BSKGafCkPgiiH53hPpQHPo"}}
2016-07-17 17:47:15 Debug: {"status":"ok","user":{"id":200002,"name":"\u85e4\u5e73 \u8ce2\u6cbb","yomi":"\u30d5\u30b8\u30d2\u30e9 \u30b1\u30f3\u30b8","nickname":"\u3075\u3058\u3072\u3089\u3055\u3093","phone":"08040872311","email":"fujikenmmpt@gmail.com","created":"2016-04-15 12:00:46","modified":"2016-07-06 20:06:36","io":false,"cname":"","cyomi":"","introducer":1000,"agent":0,"usetype":1,"section":2}}
2016-07-17 17:54:50 Debug: {"status":"ok","login":{"user_id":200002,"token":"NO4mTiFLeP1BWBL0oq7cPaNt9jVD371mnCFHKzJ8p03rQq0R6daaKMuB1FLL4PWy","refresh":"UIHxiriCUdfWeLsfiZ5wup32DssGFBRbfuER5sIJvvBgVXuIXqFWc9H1CYL9XZAq"}}
2016-07-17 17:54:51 Debug: {"status":"ok","user":{"id":200002,"name":"\u85e4\u5e73 \u8ce2\u6cbb","yomi":"\u30d5\u30b8\u30d2\u30e9 \u30b1\u30f3\u30b8","nickname":"\u3075\u3058\u3072\u3089\u3055\u3093","phone":"08040872311","email":"fujikenmmpt@gmail.com","created":"2016-04-15 12:00:46","modified":"2016-07-06 20:06:36","io":false,"cname":"","cyomi":"","introducer":1000,"agent":0,"usetype":1,"section":2}}
2016-07-17 18:01:09 Debug: {"status":"ok","login":{"user_id":200002,"token":"gnNVnAh6MRqDMbN9BY1pMeDIjFsE5JQyCgexPSxspnjIanUbAyT14qqDtQYY6X4m","refresh":"TBGe1UUBy9Rd92pI6lvVyPwMEyeFCfWnOZOTnSsP38v1FVkg15eSPYLN0XKDCBa2"}}
2016-07-17 18:01:09 Debug: {"status":"ok","user":{"id":200002,"name":"\u85e4\u5e73 \u8ce2\u6cbb","yomi":"\u30d5\u30b8\u30d2\u30e9 \u30b1\u30f3\u30b8","nickname":"\u3075\u3058\u3072\u3089\u3055\u3093","phone":"08040872311","email":"fujikenmmpt@gmail.com","created":"2016-04-15 12:00:46","modified":"2016-07-06 20:06:36","io":false,"cname":"","cyomi":"","introducer":1000,"agent":0,"usetype":1,"section":2}}
2016-07-17 18:18:26 Debug: {"status":"ok","login":{"user_id":200002,"token":"ZmaGJSNeiTO01GBKXl06s8beBmrsKxXYooGAmrTTCsBPnpAeOcLtt6WGz5AAQEgU","refresh":"P6RQKyyjM4lQDGLPRsSwWHxHXAWZB37wssCaJXeNnqobpfDmm3NQgIMjSZZ1oGw2"}}
2016-07-17 18:18:26 Debug: {"status":"ok","user":{"id":200002,"name":"\u85e4\u5e73 \u8ce2\u6cbb","yomi":"\u30d5\u30b8\u30d2\u30e9 \u30b1\u30f3\u30b8","nickname":"\u3075\u3058\u3072\u3089\u3055\u3093","phone":"08040872311","email":"fujikenmmpt@gmail.com","created":"2016-04-15 12:00:46","modified":"2016-07-06 20:06:36","io":false,"cname":"","cyomi":"","introducer":1000,"agent":0,"usetype":1,"section":2}}
2016-07-17 21:21:00 Debug: {"status":"ok","login":{"user_id":200002,"token":"18mqGj9qTSGAOxyMs3v7WRW4zw2OxIuJXLh7ZSMTl3mkYsvjGho1ZXXvffwAhmQB","refresh":"ynR72IvoTF9f4Ow7SOZ6eKRcwiuEHteJAtxo13CGurSuo0f87tPaE6U7tzWMkTKl"}}
2016-07-17 21:21:00 Debug: {"status":"ok","user":{"id":200002,"name":"\u85e4\u5e73 \u8ce2\u6cbb","yomi":"\u30d5\u30b8\u30d2\u30e9 \u30b1\u30f3\u30b8","nickname":"\u3075\u3058\u3072\u3089\u3055\u3093","phone":"08040872311","email":"fujikenmmpt@gmail.com","created":"2016-04-15 12:00:46","modified":"2016-07-06 20:06:36","io":false,"cname":"","cyomi":"","introducer":1000,"agent":0,"usetype":1,"section":2}}
2016-07-17 21:21:15 Debug: {"status":"error","message":"\u30e1\u30fc\u30eb\u30a2\u30c9\u30ec\u30b9\u3082\u3057\u304f\u306f\u30d1\u30b9\u30ef\u30fc\u30c9\u306b\u8aa4\u308a\u304c\u3042\u308a\u307e\u3059\u3002"}
2016-07-17 21:21:15 Debug: {"status":"ok","user":{"id":203471,"name":"test1 test","yomi":"","nickname":"test1","phone":"12345670123","email":"test1@gmail.comm","created":"2016-03-27 00:27:13","modified":"2016-03-28 19:28:42","io":1,"cname":"test","cyomi":"","introducer":0,"agent":0,"usetype":0,"section":0}}
2016-07-17 21:21:36 Debug: {"status":"error","message":"\u30e1\u30fc\u30eb\u30a2\u30c9\u30ec\u30b9\u3082\u3057\u304f\u306f\u30d1\u30b9\u30ef\u30fc\u30c9\u306b\u8aa4\u308a\u304c\u3042\u308a\u307e\u3059\u3002"}
2016-07-17 21:21:36 Debug: {"status":"ok","user":{"id":203471,"name":"test1 test","yomi":"","nickname":"test1","phone":"12345670123","email":"test1@gmail.comm","created":"2016-03-27 00:27:13","modified":"2016-03-28 19:28:42","io":1,"cname":"test","cyomi":"","introducer":0,"agent":0,"usetype":0,"section":0}}
2016-07-17 21:22:06 Debug: {"status":"error","message":"\u30e1\u30fc\u30eb\u30a2\u30c9\u30ec\u30b9\u3082\u3057\u304f\u306f\u30d1\u30b9\u30ef\u30fc\u30c9\u306b\u8aa4\u308a\u304c\u3042\u308a\u307e\u3059\u3002"}
2016-07-17 21:22:06 Debug: {"status":"ok","user":{"id":203471,"name":"test1 test","yomi":"","nickname":"test1","phone":"12345670123","email":"test1@gmail.comm","created":"2016-03-27 00:27:13","modified":"2016-03-28 19:28:42","io":1,"cname":"test","cyomi":"","introducer":0,"agent":0,"usetype":0,"section":0}}
2016-07-17 21:23:07 Debug: {"status":"error","message":"\u30e1\u30fc\u30eb\u30a2\u30c9\u30ec\u30b9\u3082\u3057\u304f\u306f\u30d1\u30b9\u30ef\u30fc\u30c9\u306b\u8aa4\u308a\u304c\u3042\u308a\u307e\u3059\u3002"}
2016-07-17 21:23:07 Debug: {"status":"ok","user":{"id":203471,"name":"test1 test","yomi":"","nickname":"test1","phone":"12345670123","email":"test1@gmail.comm","created":"2016-03-27 00:27:13","modified":"2016-03-28 19:28:42","io":1,"cname":"test","cyomi":"","introducer":0,"agent":0,"usetype":0,"section":0}}
2016-07-17 21:25:07 Debug: {"status":"error","message":"\u30e1\u30fc\u30eb\u30a2\u30c9\u30ec\u30b9\u3082\u3057\u304f\u306f\u30d1\u30b9\u30ef\u30fc\u30c9\u306b\u8aa4\u308a\u304c\u3042\u308a\u307e\u3059\u3002"}
2016-07-17 21:25:07 Debug: {"status":"ok","user":{"id":203471,"name":"test1 test","yomi":"","nickname":"test1","phone":"12345670123","email":"test1@gmail.comm","created":"2016-03-27 00:27:13","modified":"2016-03-28 19:28:42","io":1,"cname":"test","cyomi":"","introducer":0,"agent":0,"usetype":0,"section":0}}
2016-07-17 21:26:01 Debug: {"status":"ok","login":{"user_id":200002,"token":"M4Zi28BFVaTGGh9nAUk3pIMeEvnUoTdr5x9520wGRKi9XGZ0PK1PaS6MiMAB6FU5","refresh":"rnn4cZhLar2ormOCpFOu2FNgfVH8wCpYca5CAUdHOpOil13qpL8tnKPyqdFrFJYo"}}
2016-07-17 21:26:01 Debug: {"status":"ok","user":{"id":200002,"name":"\u85e4\u5e73 \u8ce2\u6cbb","yomi":"\u30d5\u30b8\u30d2\u30e9 \u30b1\u30f3\u30b8","nickname":"\u3075\u3058\u3072\u3089\u3055\u3093","phone":"08040872311","email":"fujikenmmpt@gmail.com","created":"2016-04-15 12:00:46","modified":"2016-07-06 20:06:36","io":false,"cname":"","cyomi":"","introducer":1000,"agent":0,"usetype":1,"section":2}}
2016-07-17 21:39:33 Debug: {"status":"ok","login":{"user_id":200002,"token":"F6dQ7vgmsnt4haYGKSLu4nqfsCHsZd4bDoT6DYfeargEG8RSM2HnnKtQADT34HAR","refresh":"DpJ42sMEsLkFc7zXVDv5LLQBThO8FHohR9B0CDw4cicT21XBMh9JuadVjDq2KrCn"}}
2016-07-17 21:39:33 Debug: {"status":"ok","user":{"id":200002,"name":"\u85e4\u5e73 \u8ce2\u6cbb","yomi":"\u30d5\u30b8\u30d2\u30e9 \u30b1\u30f3\u30b8","nickname":"\u3075\u3058\u3072\u3089\u3055\u3093","phone":"08040872311","email":"fujikenmmpt@gmail.com","created":"2016-04-15 12:00:46","modified":"2016-07-06 20:06:36","io":false,"cname":"","cyomi":"","introducer":1000,"agent":0,"usetype":1,"section":2}}
2016-07-17 21:42:01 Debug: {"status":"ok","login":{"user_id":200002,"token":"BfYaFY2z73BXLBKbWdpZbpAU5U8SIAzAnCvj992SHZMKtXWDiK1DjHhmq0xoGK7F","refresh":"0vVdYNc5pAUwGXBLpuQS0Jr5Aw92tyDJlIGCeckWWAUdhArlPn1WfpZBDhFsHDRo"}}
2016-07-17 21:42:01 Debug: {"status":"ok","user":{"id":200002,"name":"\u85e4\u5e73 \u8ce2\u6cbb","yomi":"\u30d5\u30b8\u30d2\u30e9 \u30b1\u30f3\u30b8","nickname":"\u3075\u3058\u3072\u3089\u3055\u3093","phone":"08040872311","email":"fujikenmmpt@gmail.com","created":"2016-04-15 12:00:46","modified":"2016-07-06 20:06:36","io":false,"cname":"","cyomi":"","introducer":1000,"agent":0,"usetype":1,"section":2}}
2016-07-17 21:43:03 Debug: {"status":"ok","login":{"user_id":200002,"token":"dVVKI1fjQlWvFatYrNOrJyYC11dll6ttzfQW4rNNKtq9lGlpQvRp05GUq7Y2naEZ","refresh":"PITWoBNuBCNUvTqLGRBjgD3H4TFaQB6m1do1bHhUrR7UmupGlMY9jFOtzwfEXj6c"}}
2016-07-17 21:43:03 Debug: {"status":"ok","user":{"id":200002,"name":"\u85e4\u5e73 \u8ce2\u6cbb","yomi":"\u30d5\u30b8\u30d2\u30e9 \u30b1\u30f3\u30b8","nickname":"\u3075\u3058\u3072\u3089\u3055\u3093","phone":"08040872311","email":"fujikenmmpt@gmail.com","created":"2016-04-15 12:00:46","modified":"2016-07-06 20:06:36","io":false,"cname":"","cyomi":"","introducer":1000,"agent":0,"usetype":1,"section":2}}
2016-07-17 21:43:51 Debug: {"status":"ok","login":{"user_id":200002,"token":"3BdZkPcgq4HBLl2YJ4aMoyEN78FOLfe81mhSGdBXtILWV4mq9PoDijujuDinwDks","refresh":"HukgajbslnqsOAVW7VK31hB3a2nswf0QJjhmkLvDB65J4GjtRUldRJvCm1Jtj8t8"}}
2016-07-17 21:43:51 Debug: {"status":"ok","user":{"id":200002,"name":"\u85e4\u5e73 \u8ce2\u6cbb","yomi":"\u30d5\u30b8\u30d2\u30e9 \u30b1\u30f3\u30b8","nickname":"\u3075\u3058\u3072\u3089\u3055\u3093","phone":"08040872311","email":"fujikenmmpt@gmail.com","created":"2016-04-15 12:00:46","modified":"2016-07-06 20:06:36","io":false,"cname":"","cyomi":"","introducer":1000,"agent":0,"usetype":1,"section":2}}
2016-07-17 22:27:51 Debug: {"status":"ok","login":{"user_id":200002,"token":"Opdm322AbNeHNr6CgPSHyBMG2SM3n7FGWkCO5aM1ddGt4dSR7I0ii416yupCbMNp","refresh":"3yPQJMjJqar4jipMJ4FTwApyIDcyeLGkymgcnoEkKkoKGdZeJ4iACCMw80pvsCgP"}}
2016-07-17 22:27:51 Debug: {"status":"ok","user":{"id":200002,"name":"\u85e4\u5e73 \u8ce2\u6cbb","yomi":"\u30d5\u30b8\u30d2\u30e9 \u30b1\u30f3\u30b8","nickname":"\u3075\u3058\u3072\u3089\u3055\u3093","phone":"08040872311","email":"fujikenmmpt@gmail.com","created":"2016-04-15 12:00:46","modified":"2016-07-06 20:06:36","io":false,"cname":"","cyomi":"","introducer":1000,"agent":0,"usetype":1,"section":2}}
2016-07-17 22:51:15 Debug: {"status":"ok","login":{"user_id":200002,"token":"Gk7xdYcO3nBYGVKg2hxs0qPJFyvrri5UjDGvDgyOygCtyllzyZkz88DKygToswHy","refresh":"fwbs3lDGjFz39LdQ0x4baWHBM5tNhsjwhsP8z1WrcHqkliWAWJmGrYnDG9nUZbI6"}}
2016-07-17 22:51:15 Debug: {"status":"ok","user":{"id":200002,"name":"\u85e4\u5e73 \u8ce2\u6cbb","yomi":"\u30d5\u30b8\u30d2\u30e9 \u30b1\u30f3\u30b8","nickname":"\u3075\u3058\u3072\u3089\u3055\u3093","phone":"08040872311","email":"fujikenmmpt@gmail.com","created":"2016-04-15 12:00:46","modified":"2016-07-06 20:06:36","io":false,"cname":"","cyomi":"","introducer":1000,"agent":0,"usetype":1,"section":2}}
2016-07-17 22:53:02 Debug: {"status":"ok","login":{"user_id":200002,"token":"CBWpvFoFnxUaBW6wbb4iIZwWK17H1k9wEWpUFqkkFdG4E12QJXAmbq4UgscZxxJf","refresh":"6vLNMW7alBfjYCUvdhzSi2uFTq4ccUgofYYOdQWyivYBmSD3lYv3t6JRIgklyadj"}}
2016-07-17 22:53:02 Debug: {"status":"ok","user":{"id":200002,"name":"\u85e4\u5e73 \u8ce2\u6cbb","yomi":"\u30d5\u30b8\u30d2\u30e9 \u30b1\u30f3\u30b8","nickname":"\u3075\u3058\u3072\u3089\u3055\u3093","phone":"08040872311","email":"fujikenmmpt@gmail.com","created":"2016-04-15 12:00:46","modified":"2016-07-06 20:06:36","io":false,"cname":"","cyomi":"","introducer":1000,"agent":0,"usetype":1,"section":2}}
2016-07-17 22:54:04 Debug: {"status":"ok","login":{"user_id":200002,"token":"27HMOMx3jyrfAbP6oT9ZQjYn7vI4BneD0IVflEkOnJx6dHCMwyanTPvlOIraQ2vj","refresh":"rnjDvY8kLdpFE1nFLTrH31dmhx5VofImZ9fFfQdJNduQN8qAH0spq1tMvC5RoqBN"}}
2016-07-17 22:54:05 Debug: {"status":"ok","user":{"id":200002,"name":"\u85e4\u5e73 \u8ce2\u6cbb","yomi":"\u30d5\u30b8\u30d2\u30e9 \u30b1\u30f3\u30b8","nickname":"\u3075\u3058\u3072\u3089\u3055\u3093","phone":"08040872311","email":"fujikenmmpt@gmail.com","created":"2016-04-15 12:00:46","modified":"2016-07-06 20:06:36","io":false,"cname":"","cyomi":"","introducer":1000,"agent":0,"usetype":1,"section":2}}
2016-07-17 22:55:30 Debug: {"status":"ok","login":{"user_id":200002,"token":"zxaUHVYSekJDQEdSVGHZd7UTeXw0sCCdaoukpZWY44iSEYZq3pwlqIaHOSa5gQ9B","refresh":"bHNge6cNsnjut2pvw6fP9PSAlrNHF4SOYfhyIlEGCsJuDSOzCCF9BCGMkGL7cFAF"}}
2016-07-17 22:55:30 Debug: {"status":"ok","user":{"id":200002,"name":"\u85e4\u5e73 \u8ce2\u6cbb","yomi":"\u30d5\u30b8\u30d2\u30e9 \u30b1\u30f3\u30b8","nickname":"\u3075\u3058\u3072\u3089\u3055\u3093","phone":"08040872311","email":"fujikenmmpt@gmail.com","created":"2016-04-15 12:00:46","modified":"2016-07-06 20:06:36","io":false,"cname":"","cyomi":"","introducer":1000,"agent":0,"usetype":1,"section":2}}
2016-07-17 22:56:04 Debug: {"status":"ok","login":{"user_id":200002,"token":"Yovg8U2ab9hxjDdsB2MAj1TZY9BeSKUQr9oEHih8ppIwc2WdZJen6pwLEfXF6HNL","refresh":"jaAPYV5XoBNtNHHkYb5TNvGcwyfxmPJTaaGMbweJKW3vR4qEE4C7GshtU3lhTtFa"}}
2016-07-17 22:56:04 Debug: {"status":"ok","user":{"id":200002,"name":"\u85e4\u5e73 \u8ce2\u6cbb","yomi":"\u30d5\u30b8\u30d2\u30e9 \u30b1\u30f3\u30b8","nickname":"\u3075\u3058\u3072\u3089\u3055\u3093","phone":"08040872311","email":"fujikenmmpt@gmail.com","created":"2016-04-15 12:00:46","modified":"2016-07-06 20:06:36","io":false,"cname":"","cyomi":"","introducer":1000,"agent":0,"usetype":1,"section":2}}
2016-07-17 22:57:08 Debug: {"status":"ok","login":{"user_id":200002,"token":"3jovWLy7zCUmYPB66hpvvbwj1DDpyEHBokupVnc8S4IKPO8360DnG4bOfvwe04Et","refresh":"BF6fmzeAPLsYDgpxvbJLi3gDVPGVcIELyAp2kns5v84x21l7b5KaNXSBTwwHr9Cg"}}
2016-07-17 22:57:08 Debug: {"status":"ok","user":{"id":200002,"name":"\u85e4\u5e73 \u8ce2\u6cbb","yomi":"\u30d5\u30b8\u30d2\u30e9 \u30b1\u30f3\u30b8","nickname":"\u3075\u3058\u3072\u3089\u3055\u3093","phone":"08040872311","email":"fujikenmmpt@gmail.com","created":"2016-04-15 12:00:46","modified":"2016-07-06 20:06:36","io":false,"cname":"","cyomi":"","introducer":1000,"agent":0,"usetype":1,"section":2}}
2016-07-17 22:58:41 Debug: {"status":"ok","login":{"user_id":200002,"token":"yxFu84AK4xBzIcTUhS4zgrXaHFv0G2x9EAs18veZrFUxd9EOYmN5yJaiDS6jJ0RO","refresh":"Q53t1OGNIh4cMVX0IP5GLwWMMRPrrMpeSxNFwDt2jfFFSO8yvO2jngRHVhuLChgA"}}
2016-07-17 22:58:41 Debug: {"status":"ok","user":{"id":200002,"name":"\u85e4\u5e73 \u8ce2\u6cbb","yomi":"\u30d5\u30b8\u30d2\u30e9 \u30b1\u30f3\u30b8","nickname":"\u3075\u3058\u3072\u3089\u3055\u3093","phone":"08040872311","email":"fujikenmmpt@gmail.com","created":"2016-04-15 12:00:46","modified":"2016-07-06 20:06:36","io":false,"cname":"","cyomi":"","introducer":1000,"agent":0,"usetype":1,"section":2}}
2016-07-17 22:59:24 Debug: {"status":"ok","login":{"user_id":200002,"token":"XHtkj7AqETQ5qbEgNOEeFO0tOKcb89f9TdXcdYYFtwkGnYBuXzvxGC6pK8hNgPnx","refresh":"UdWyXr8nJiVnqtRlmiUk3GJDEqIIjm1lPI9fwNBHRYfGFEpvBMFiqzSxFvHEj2qf"}}
2016-07-17 22:59:25 Debug: {"status":"ok","user":{"id":200002,"name":"\u85e4\u5e73 \u8ce2\u6cbb","yomi":"\u30d5\u30b8\u30d2\u30e9 \u30b1\u30f3\u30b8","nickname":"\u3075\u3058\u3072\u3089\u3055\u3093","phone":"08040872311","email":"fujikenmmpt@gmail.com","created":"2016-04-15 12:00:46","modified":"2016-07-06 20:06:36","io":false,"cname":"","cyomi":"","introducer":1000,"agent":0,"usetype":1,"section":2}}
2016-07-17 23:01:06 Debug: {"status":"ok","login":{"user_id":200002,"token":"DcyaqRPPGqF1obTM6MVxaBTD8QhFVMep4gnklbv4nh7KU9DfQ5lwT8qBYSHUMv7D","refresh":"BiPlVmlim5WgRP50pLTt4wETvubWZ3Eq8Deytuf7V69IOAmJPoSjFDWZYvnNkYwQ"}}
2016-07-17 23:01:06 Debug: {"status":"ok","user":{"id":200002,"name":"\u85e4\u5e73 \u8ce2\u6cbb","yomi":"\u30d5\u30b8\u30d2\u30e9 \u30b1\u30f3\u30b8","nickname":"\u3075\u3058\u3072\u3089\u3055\u3093","phone":"08040872311","email":"fujikenmmpt@gmail.com","created":"2016-04-15 12:00:46","modified":"2016-07-06 20:06:36","io":false,"cname":"","cyomi":"","introducer":1000,"agent":0,"usetype":1,"section":2}}
2016-07-18 16:24:19 Debug: {"status":"error","message":"\u30e1\u30fc\u30eb\u30a2\u30c9\u30ec\u30b9\u3082\u3057\u304f\u306f\u30d1\u30b9\u30ef\u30fc\u30c9\u306b\u8aa4\u308a\u304c\u3042\u308a\u307e\u3059\u3002"}
2016-07-18 16:24:19 Debug: {"status":"ok","user":{"id":203471,"name":"test1 test","yomi":"","nickname":"test1","phone":"12345670123","email":"test1@gmail.comm","created":"2016-03-27 00:27:13","modified":"2016-03-28 19:28:42","io":1,"cname":"test","cyomi":"","introducer":0,"agent":0,"usetype":0,"section":0}}
2016-07-18 16:37:57 Debug: {"status":"error","message":"\u30e1\u30fc\u30eb\u30a2\u30c9\u30ec\u30b9\u3082\u3057\u304f\u306f\u30d1\u30b9\u30ef\u30fc\u30c9\u306b\u8aa4\u308a\u304c\u3042\u308a\u307e\u3059\u3002"}
2016-07-18 16:37:57 Debug: {"status":"ok","user":{"id":203471,"name":"test1 test","yomi":"","nickname":"test1","phone":"12345670123","email":"test1@gmail.comm","created":"2016-03-27 00:27:13","modified":"2016-03-28 19:28:42","io":1,"cname":"test","cyomi":"","introducer":0,"agent":0,"usetype":0,"section":0}}
2016-07-18 16:42:10 Debug: {"status":"ok","login":{"user_id":200002,"token":"FGsIdfIveT8oF1HBVgswLzQBXrcZLY3eCUxgW4OOkfIf0UjCrsI3b9eirVB4QAme","refresh":"VzBYTy4DzQhWIddDqqm9kUfHi2DHUg9z6ZllhIGEA9JZ8mhbclWu38PCYt3dVXY0"}}
2016-07-18 16:42:10 Debug: {"status":"ok","user":{"id":200002,"name":"\u85e4\u5e73 \u8ce2\u6cbb","yomi":"\u30d5\u30b8\u30d2\u30e9 \u30b1\u30f3\u30b8","nickname":"\u3075\u3058\u3072\u3089\u3055\u3093","phone":"08040872311","email":"fujikenmmpt@gmail.com","created":"2016-04-15 12:00:46","modified":"2016-07-06 20:06:36","io":false,"cname":"","cyomi":"","introducer":1000,"agent":0,"usetype":1,"section":2}}
2016-07-18 16:42:41 Debug: {"status":"error","message":"\u30e1\u30fc\u30eb\u30a2\u30c9\u30ec\u30b9\u3082\u3057\u304f\u306f\u30d1\u30b9\u30ef\u30fc\u30c9\u306b\u8aa4\u308a\u304c\u3042\u308a\u307e\u3059\u3002"}
2016-07-18 16:43:04 Debug: {"status":"error","message":"\u30e1\u30fc\u30eb\u30a2\u30c9\u30ec\u30b9\u3082\u3057\u304f\u306f\u30d1\u30b9\u30ef\u30fc\u30c9\u306b\u8aa4\u308a\u304c\u3042\u308a\u307e\u3059\u3002"}
2016-07-18 16:44:41 Debug: {"status":"ok","login":{"user_id":200002,"token":"5jFfIYIzI7SiIYtOBPqB7hmlChvscQ5ynzZH7TwGGqa27HC29tIUA1uUIaiKXrBp","refresh":"tsheU7dOP92Ajian6nysnGkZF1SOgLqhCTUylS7K4vtxGRrbN2EUpHmzFXfqNny7"}}
2016-07-18 16:44:41 Debug: {"status":"ok","user":{"id":200002,"name":"\u85e4\u5e73 \u8ce2\u6cbb","yomi":"\u30d5\u30b8\u30d2\u30e9 \u30b1\u30f3\u30b8","nickname":"\u3075\u3058\u3072\u3089\u3055\u3093","phone":"08040872311","email":"fujikenmmpt@gmail.com","created":"2016-04-15 12:00:46","modified":"2016-07-06 20:06:36","io":false,"cname":"","cyomi":"","introducer":1000,"agent":0,"usetype":1,"section":2}}
2016-07-18 16:44:51 Debug: {"status":"ok","login":{"user_id":200002,"token":"QwOj1BARXMPPcuYyMXO8BUPTxIXA8wAAG6OiiMGLUdi6duXhl372ZWBLAXaIpzfb","refresh":"YRALJMAt3s6mrkWlYlJc41DkI5r5mgc92L9jrsbUECC2x28mmMuhlcTHRUk3ro6D"}}
2016-07-18 16:44:51 Debug: {"status":"ok","user":{"id":200002,"name":"\u85e4\u5e73 \u8ce2\u6cbb","yomi":"\u30d5\u30b8\u30d2\u30e9 \u30b1\u30f3\u30b8","nickname":"\u3075\u3058\u3072\u3089\u3055\u3093","phone":"08040872311","email":"fujikenmmpt@gmail.com","created":"2016-04-15 12:00:46","modified":"2016-07-06 20:06:36","io":false,"cname":"","cyomi":"","introducer":1000,"agent":0,"usetype":1,"section":2}}
2016-07-18 16:47:26 Debug: {"status":"error","message":"\u30e1\u30fc\u30eb\u30a2\u30c9\u30ec\u30b9\u3082\u3057\u304f\u306f\u30d1\u30b9\u30ef\u30fc\u30c9\u306b\u8aa4\u308a\u304c\u3042\u308a\u307e\u3059\u3002"}
2016-07-18 16:57:55 Debug: {"status":"ok","login":{"user_id":200002,"token":"K4SRcvxZVFGrzGzHMX5kGRADvVYS5HA3dDBGGrXcwoOb9tjgdWAD1SjhKmBxAx0s","refresh":"c05sCfg7Gg6NtlS8MJkSgy03C4YtIOltORTqA9yNkSlUutJ6pvLCupDzmtbfuU0V"}}
2016-07-18 16:57:55 Debug: {"status":"ok","user":{"id":200002,"name":"\u85e4\u5e73 \u8ce2\u6cbb","yomi":"\u30d5\u30b8\u30d2\u30e9 \u30b1\u30f3\u30b8","nickname":"\u3075\u3058\u3072\u3089\u3055\u3093","phone":"08040872311","email":"fujikenmmpt@gmail.com","created":"2016-04-15 12:00:46","modified":"2016-07-06 20:06:36","io":false,"cname":"","cyomi":"","introducer":1000,"agent":0,"usetype":1,"section":2}}
2016-07-18 16:58:48 Debug: {"status":"error","message":"\u30e1\u30fc\u30eb\u30a2\u30c9\u30ec\u30b9\u3082\u3057\u304f\u306f\u30d1\u30b9\u30ef\u30fc\u30c9\u306b\u8aa4\u308a\u304c\u3042\u308a\u307e\u3059\u3002"}
2016-07-18 17:00:22 Debug: {"status":"ok","login":{"user_id":200002,"token":"WF7Zlsj0e4VP4xF1GLlwYseKzWR41c9LoEX9VRa27cKUsEaKAUQGw2JWsMQ4BhuW","refresh":"PBeNRKDmhUFocNEAhi0rNn1stOnALSboN1YBxYZTvdzggGzmOTt5OBGNLmEkRwOg"}}
2016-07-18 17:00:22 Debug: {"status":"ok","user":{"id":200002,"name":"\u85e4\u5e73 \u8ce2\u6cbb","yomi":"\u30d5\u30b8\u30d2\u30e9 \u30b1\u30f3\u30b8","nickname":"\u3075\u3058\u3072\u3089\u3055\u3093","phone":"08040872311","email":"fujikenmmpt@gmail.com","created":"2016-04-15 12:00:46","modified":"2016-07-06 20:06:36","io":false,"cname":"","cyomi":"","introducer":1000,"agent":0,"usetype":1,"section":2}}
2016-07-18 17:00:29 Debug: {"status":"ok","login":{"user_id":200002,"token":"pHuwtCZfU7JEnQTGFs119ZneHzC035VvzgKBf9O1K4kwZiGRyAioxfG32Pr2ldYN","refresh":"qfekPyQSF4DYr6dIMaWJ6aHjpNb4wzFFFYnZsLjbIkpWBU0bdLw2Sn9jUAGceCYT"}}
2016-07-18 17:00:30 Debug: {"status":"ok","user":{"id":200002,"name":"\u85e4\u5e73 \u8ce2\u6cbb","yomi":"\u30d5\u30b8\u30d2\u30e9 \u30b1\u30f3\u30b8","nickname":"\u3075\u3058\u3072\u3089\u3055\u3093","phone":"08040872311","email":"fujikenmmpt@gmail.com","created":"2016-04-15 12:00:46","modified":"2016-07-06 20:06:36","io":false,"cname":"","cyomi":"","introducer":1000,"agent":0,"usetype":1,"section":2}}
2016-07-18 17:01:10 Debug: {"status":"ok","login":{"user_id":200002,"token":"KvaTTPRXoJDG2ZBg7inRDIiwXJpPNP9ysLi1zSOEmF9pproL9mbruQsgtr5QNjVH","refresh":"QUKGYeEwvTAiXlm0uhZ65L4Tq0OAySA3KDaVDDA1JGMpfQDxCskbCRHVeHfm0rZZ"}}
2016-07-18 17:01:10 Debug: {"status":"ok","user":{"id":200002,"name":"\u85e4\u5e73 \u8ce2\u6cbb","yomi":"\u30d5\u30b8\u30d2\u30e9 \u30b1\u30f3\u30b8","nickname":"\u3075\u3058\u3072\u3089\u3055\u3093","phone":"08040872311","email":"fujikenmmpt@gmail.com","created":"2016-04-15 12:00:46","modified":"2016-07-06 20:06:36","io":false,"cname":"","cyomi":"","introducer":1000,"agent":0,"usetype":1,"section":2}}
2016-07-18 17:01:52 Debug: {"status":"error","message":"\u30e1\u30fc\u30eb\u30a2\u30c9\u30ec\u30b9\u3082\u3057\u304f\u306f\u30d1\u30b9\u30ef\u30fc\u30c9\u306b\u8aa4\u308a\u304c\u3042\u308a\u307e\u3059\u3002"}
2016-07-18 17:06:05 Debug: {"status":"error","message":"\u30e1\u30fc\u30eb\u30a2\u30c9\u30ec\u30b9\u3082\u3057\u304f\u306f\u30d1\u30b9\u30ef\u30fc\u30c9\u306b\u8aa4\u308a\u304c\u3042\u308a\u307e\u3059\u3002"}
2016-07-18 17:06:06 Debug: {"status":"ok","user":{"id":203471,"name":"test1 test","yomi":"","nickname":"test1","phone":"12345670123","email":"test1@gmail.comm","created":"2016-03-27 00:27:13","modified":"2016-03-28 19:28:42","io":1,"cname":"test","cyomi":"","introducer":0,"agent":0,"usetype":0,"section":0}}
2016-07-18 17:09:01 Debug: {"status":"ok","login":{"user_id":200002,"token":"CBpPQ59FNLULjx4de3qMHyDiHsBhSYO7PwzkibVGV16wG3QDH6AleVFaYLKOso2h","refresh":"AWj8QxH1ATWU0SuXXYrzLfcTxlGuTF76BeFDeGN0sagOIOKEZeIAqaVcMUAnSDxq"}}
2016-07-18 17:09:01 Debug: {"status":"ok","user":{"id":200002,"name":"\u85e4\u5e73 \u8ce2\u6cbb","yomi":"\u30d5\u30b8\u30d2\u30e9 \u30b1\u30f3\u30b8","nickname":"\u3075\u3058\u3072\u3089\u3055\u3093","phone":"08040872311","email":"fujikenmmpt@gmail.com","created":"2016-04-15 12:00:46","modified":"2016-07-06 20:06:36","io":false,"cname":"","cyomi":"","introducer":1000,"agent":0,"usetype":1,"section":2}}
2016-07-18 17:09:59 Debug: {"status":"ok","login":{"user_id":200002,"token":"6y9zhh6KD1C1q3xa5l6gHDot3AJ2TwwQ3z25HCz5ypUxLNOtfn6b1eZAMmZxaOlB","refresh":"BkxMYbWaF4AN5FVv8oCu8ZAnDQxGHd82pCHeq9azyNBK9iWycsMDYPcwsnhiwBDJ"}}
2016-07-18 17:09:59 Debug: {"status":"ok","user":{"id":200002,"name":"\u85e4\u5e73 \u8ce2\u6cbb","yomi":"\u30d5\u30b8\u30d2\u30e9 \u30b1\u30f3\u30b8","nickname":"\u3075\u3058\u3072\u3089\u3055\u3093","phone":"08040872311","email":"fujikenmmpt@gmail.com","created":"2016-04-15 12:00:46","modified":"2016-07-06 20:06:36","io":false,"cname":"","cyomi":"","introducer":1000,"agent":0,"usetype":1,"section":2}}
2016-07-18 17:11:21 Debug: {"status":"ok","login":{"user_id":200002,"token":"yXn5C8I8F0olgQMGmsSM9rt6AlEDHWLZ4H8mHVueX3FdGFfc5PnOG1sqpmtstkMb","refresh":"uDUpg5t6tz4TfefFAhLMoEfG9FTibnWAHcFukCDGuYeujXDBhDIp0aBCvBKIDa0y"}}
2016-07-18 17:11:21 Debug: {"status":"ok","user":{"id":200002,"name":"\u85e4\u5e73 \u8ce2\u6cbb","yomi":"\u30d5\u30b8\u30d2\u30e9 \u30b1\u30f3\u30b8","nickname":"\u3075\u3058\u3072\u3089\u3055\u3093","phone":"08040872311","email":"fujikenmmpt@gmail.com","created":"2016-04-15 12:00:46","modified":"2016-07-06 20:06:36","io":false,"cname":"","cyomi":"","introducer":1000,"agent":0,"usetype":1,"section":2}}
2016-07-18 17:14:45 Debug: {"status":"error","message":"\u30e1\u30fc\u30eb\u30a2\u30c9\u30ec\u30b9\u3082\u3057\u304f\u306f\u30d1\u30b9\u30ef\u30fc\u30c9\u306b\u8aa4\u308a\u304c\u3042\u308a\u307e\u3059\u3002"}
2016-07-18 17:14:46 Debug: {"status":"ok","user":{"id":203471,"name":"test1 test","yomi":"","nickname":"test1","phone":"12345670123","email":"test1@gmail.comm","created":"2016-03-27 00:27:13","modified":"2016-03-28 19:28:42","io":1,"cname":"test","cyomi":"","introducer":0,"agent":0,"usetype":0,"section":0}}
2016-07-18 17:14:59 Debug: {"status":"error","message":"\u30e1\u30fc\u30eb\u30a2\u30c9\u30ec\u30b9\u3082\u3057\u304f\u306f\u30d1\u30b9\u30ef\u30fc\u30c9\u306b\u8aa4\u308a\u304c\u3042\u308a\u307e\u3059\u3002"}
2016-07-18 17:14:59 Debug: {"status":"ok","user":{"id":203471,"name":"test1 test","yomi":"","nickname":"test1","phone":"12345670123","email":"test1@gmail.comm","created":"2016-03-27 00:27:13","modified":"2016-03-28 19:28:42","io":1,"cname":"test","cyomi":"","introducer":0,"agent":0,"usetype":0,"section":0}}
2016-07-18 17:24:49 Debug: {"status":"ok","login":{"user_id":200002,"token":"CxftAAUuFtPEhD94GKLohXlbCS0JYTWoORoAqoLCZjTUPpioxalCGlIIWRo24pBm","refresh":"JseS0foBRTYYKfeNGKvagRKUqatKVT7gQkjsCCGLccebZYgcTUOqI30FKomk1PXP"}}
2016-07-18 17:24:49 Debug: {"status":"ok","user":{"id":200002,"name":"\u85e4\u5e73 \u8ce2\u6cbb","yomi":"\u30d5\u30b8\u30d2\u30e9 \u30b1\u30f3\u30b8","nickname":"\u3075\u3058\u3072\u3089\u3055\u3093","phone":"08040872311","email":"fujikenmmpt@gmail.com","created":"2016-04-15 12:00:46","modified":"2016-07-06 20:06:36","io":false,"cname":"","cyomi":"","introducer":1000,"agent":0,"usetype":1,"section":2}}
2016-07-18 17:25:18 Debug: {"status":"ok","login":{"user_id":200002,"token":"QMfHtSOdtAOUtgp9pWy1M1QVBVGKWAm0FQvx3UMxLA5X9ev9YEqF8WXa1fA7BAv9","refresh":"cTNw5Q9SwDYSWOFThASAnNiTPCvGZ7hISlIlfEi7ErROu5aZ12HOzHqD6P7mI4wT"}}
2016-07-18 17:25:18 Debug: {"status":"ok","user":{"id":200002,"name":"\u85e4\u5e73 \u8ce2\u6cbb","yomi":"\u30d5\u30b8\u30d2\u30e9 \u30b1\u30f3\u30b8","nickname":"\u3075\u3058\u3072\u3089\u3055\u3093","phone":"08040872311","email":"fujikenmmpt@gmail.com","created":"2016-04-15 12:00:46","modified":"2016-07-06 20:06:36","io":false,"cname":"","cyomi":"","introducer":1000,"agent":0,"usetype":1,"section":2}}
2016-07-18 17:27:02 Debug: {"status":"ok","login":{"user_id":200002,"token":"7R1tg7Elof3HYnRXSyOSBYrpMT6vPakt1BgVpNBWPRzdAdCpBv9PCjNdEPTweGXk","refresh":"XihClRP0Lcz8jpvrZgulF4Tpc0v0XcrjfZp5OIbrPAn8PvVo9XQ0GFdEoy9HbZBA"}}
2016-07-18 17:27:02 Debug: {"status":"ok","user":{"id":200002,"name":"\u85e4\u5e73 \u8ce2\u6cbb","yomi":"\u30d5\u30b8\u30d2\u30e9 \u30b1\u30f3\u30b8","nickname":"\u3075\u3058\u3072\u3089\u3055\u3093","phone":"08040872311","email":"fujikenmmpt@gmail.com","created":"2016-04-15 12:00:46","modified":"2016-07-06 20:06:36","io":false,"cname":"","cyomi":"","introducer":1000,"agent":0,"usetype":1,"section":2}}
2016-07-18 17:27:44 Debug: {"status":"error","message":"\u30e1\u30fc\u30eb\u30a2\u30c9\u30ec\u30b9\u3082\u3057\u304f\u306f\u30d1\u30b9\u30ef\u30fc\u30c9\u306b\u8aa4\u308a\u304c\u3042\u308a\u307e\u3059\u3002"}
2016-07-18 17:27:44 Debug: {"status":"ok","user":{"id":203471,"name":"test1 test","yomi":"","nickname":"test1","phone":"12345670123","email":"test1@gmail.comm","created":"2016-03-27 00:27:13","modified":"2016-03-28 19:28:42","io":1,"cname":"test","cyomi":"","introducer":0,"agent":0,"usetype":0,"section":0}}
2016-07-18 17:31:25 Debug: {"status":"ok","login":{"user_id":200002,"token":"Tcbyps67xEyrV81Kuy1pvFuIXOa3SWiGIXRLMLaHErzjQsuEXCID2krOx8wbPXZ4","refresh":"Ch0OuawnS6gsEyfZcQ7dojIDtmEHBhcxgpM9F3eNz7CG8nBPoIflue3Z4mLRBWqA"}}
2016-07-18 17:31:25 Debug: {"status":"ok","user":{"id":200002,"name":"\u85e4\u5e73 \u8ce2\u6cbb","yomi":"\u30d5\u30b8\u30d2\u30e9 \u30b1\u30f3\u30b8","nickname":"\u3075\u3058\u3072\u3089\u3055\u3093","phone":"08040872311","email":"fujikenmmpt@gmail.com","created":"2016-04-15 12:00:46","modified":"2016-07-06 20:06:36","io":false,"cname":"","cyomi":"","introducer":1000,"agent":0,"usetype":1,"section":2}}
2016-07-18 18:02:52 Debug: {"status":"ok","login":{"user_id":200002,"token":"5uhVsaqIr7j1Tevk4CH8caXMZLLS8nbuAaTltBFBGmkeKocWf9Swcwvd4R0BxGJq","refresh":"rddSh8JfrOj7UA2umOGYPKzrSrU8CnOe90dYC4oEMgQORqwMRQAiGux9Rhahz6C3"}}
2016-07-18 18:02:52 Debug: {"status":"ok","user":{"id":200002,"name":"\u85e4\u5e73 \u8ce2\u6cbb","yomi":"\u30d5\u30b8\u30d2\u30e9 \u30b1\u30f3\u30b8","nickname":"\u3075\u3058\u3072\u3089\u3055\u3093","phone":"08040872311","email":"fujikenmmpt@gmail.com","created":"2016-04-15 12:00:46","modified":"2016-07-06 20:06:36","io":false,"cname":"","cyomi":"","introducer":1000,"agent":0,"usetype":1,"section":2}}
2016-07-18 18:06:53 Debug: {"status":"ok","login":{"user_id":200002,"token":"bjrEuubHm7PZaI4O6V1VRycfSrADM9aPexKOl26g1H9QucP5CcHzKBNmrdCyPO5H","refresh":"KURApBu4bgYGBvfTLZWa6BatnQyWqyxfPSFjs8V5fDyzZFFsthQbhahrQyPPRLRb"}}
2016-07-18 18:06:53 Debug: {"status":"ok","user":{"id":200002,"name":"\u85e4\u5e73 \u8ce2\u6cbb","yomi":"\u30d5\u30b8\u30d2\u30e9 \u30b1\u30f3\u30b8","nickname":"\u3075\u3058\u3072\u3089\u3055\u3093","phone":"08040872311","email":"fujikenmmpt@gmail.com","created":"2016-04-15 12:00:46","modified":"2016-07-06 20:06:36","io":false,"cname":"","cyomi":"","introducer":1000,"agent":0,"usetype":1,"section":2}}
2016-08-07 16:32:10 Debug: {"status":"ok","login":{"user_id":200002,"token":"FGkk09BIKbXiKyvDkiqkz5gBrWcJhmvPCIGImERCjuu5OyaA8CJcIE1sB5TlbVnQ","refresh":"yHx91AbaFDPvqmUJiPmfJG8UeV79mwbXOgV5A4bkVU1YZ9AZldBAR0BJS0YlgcbR"}}
2016-08-07 16:32:13 Debug: {"status":"ok","user":{"id":200002,"name":"\u85e4\u5e73 \u8ce2\u6cbb","yomi":"\u30d5\u30b8\u30d2\u30e9 \u30b1\u30f3\u30b8","nickname":"\u3075\u3058\u3072\u3089\u3055\u3093","phone":"08040872311","email":"fujikenmmpt@gmail.com","created":"2016-04-15 12:00:46","modified":"2016-07-06 20:06:36","io":false,"cname":"","cyomi":"","introducer":1000,"agent":0,"usetype":1,"section":2}}
2016-08-07 16:32:37 Debug: {"status":"ok","login":{"user_id":200002,"token":"PHxfIbrbw11XF9K61tfB4gUc9b51ZJ1KB0WR4wFOlTVJfzKmqljZ6J1HlQOQsKPw","refresh":"CPPKHtAbHfWNc7XXSBikykM0EHMhTf5aiYZxZH1FKG5Ojq5YFSQVabcjnsQ2ptlX"}}
2016-08-07 16:32:39 Debug: {"status":"ok","user":{"id":200002,"name":"\u85e4\u5e73 \u8ce2\u6cbb","yomi":"\u30d5\u30b8\u30d2\u30e9 \u30b1\u30f3\u30b8","nickname":"\u3075\u3058\u3072\u3089\u3055\u3093","phone":"08040872311","email":"fujikenmmpt@gmail.com","created":"2016-04-15 12:00:46","modified":"2016-07-06 20:06:36","io":false,"cname":"","cyomi":"","introducer":1000,"agent":0,"usetype":1,"section":2}}
2016-08-13 15:53:20 Debug: {"status":"ok","login":{"user_id":200002,"token":"WJaNRnA3EG9GLCidxMRC7B2jfq29DxrhDCOaAzqSglDOxBAnEyifCcqLgPR4PYUB","refresh":"QQ42agntrVFFo5XrNICjvFInxQ5hTT0oPsyeDolCk2aZA5FjKyjaPtdnpe4hH8qF"}}
2016-08-13 15:53:20 Debug: {"status":"ok","user":{"id":200002,"name":"\u85e4\u5e73 \u8ce2\u6cbb","yomi":"\u30d5\u30b8\u30d2\u30e9 \u30b1\u30f3\u30b8","nickname":"\u3075\u3058\u3072\u3089\u3055\u3093","phone":"08040872311","email":"fujikenmmpt@gmail.com","created":"2016-04-15 12:00:46","modified":"2016-07-06 20:06:36","io":false,"cname":"","cyomi":"","introducer":1000,"agent":0,"usetype":1,"section":2}}
2016-08-21 15:46:01 Debug: {"status":"ok","login":{"user_id":200002,"token":"P1Vbvs21cdq46MDGxLuIIJZrlC0EuhOgSSudDH3hhSZMEvpHOQ4kpt17utGYzxfo","refresh":"yEduCfG6cd8NLCuJifmhbMkP7tCdDR2wlX96i1oZBCC1hAk3amjew24bsz80EHJH"}}
2016-08-21 15:46:03 Debug: {"status":"ok","user":{"id":200002,"name":"\u85e4\u5e73 \u8ce2\u6cbb","yomi":"\u30d5\u30b8\u30d2\u30e9 \u30b1\u30f3\u30b8","nickname":"\u3075\u3058\u3072\u3089\u3055\u3093","phone":"08040872311","email":"fujikenmmpt@gmail.com","created":"2016-04-15 12:00:46","modified":"2016-07-06 20:06:36","io":false,"cname":"","cyomi":"","introducer":1000,"agent":0,"usetype":1,"section":2}}
2016-08-21 16:18:35 Debug: {"status":"ok","login":{"user_id":200002,"token":"wqXMEMC7AFGkdwvEjVcGF2N2pElA6ZpUwrnQFHvRSElmRwfjBVMZIOcPi0qM5YpS","refresh":"YcI4ksNwY0YjPnJwdXfpL9cWGtd6cUCmgIvAFCqo4XiqI62mqGHd9VI5zm4LR8Bf"}}
2016-08-21 16:18:36 Debug: {"status":"ok","user":{"id":200002,"name":"\u85e4\u5e73 \u8ce2\u6cbb","yomi":"\u30d5\u30b8\u30d2\u30e9 \u30b1\u30f3\u30b8","nickname":"\u3075\u3058\u3072\u3089\u3055\u3093","phone":"08040872311","email":"fujikenmmpt@gmail.com","created":"2016-04-15 12:00:46","modified":"2016-07-06 20:06:36","io":false,"cname":"","cyomi":"","introducer":1000,"agent":0,"usetype":1,"section":2}}
2016-08-28 17:06:34 Debug: {"status":"ok","login":{"user_id":200002,"token":"Ob9pOMjsdiTU6pkm7ZltloClBLTbpfIu6tktl5Waw57AxExCOu6QEpYJLCVhIFaX","refresh":"VhdhaDqF1yFkNjV6Loxfvh5L4DLV3UgaqRmPgjqOfDgYZS3b1pPCdRKIOmxIYeQp"}}
2016-08-28 17:06:34 Debug: {"status":"ok","user":{"id":200002,"name":"\u85e4\u5e73 \u8ce2\u6cbb","yomi":"\u30d5\u30b8\u30d2\u30e9 \u30b1\u30f3\u30b8","nickname":"\u3075\u3058\u3072\u3089\u3055\u3093","phone":"08040872311","email":"fujikenmmpt@gmail.com","created":"2016-04-15 12:00:46","modified":"2016-07-06 20:06:36","io":false,"cname":"","cyomi":"","introducer":1000,"agent":0,"usetype":1,"section":2}}
2016-08-28 17:43:15 Debug: {"status":"ok","login":{"user_id":200002,"token":"IRcvCQxSysoBHChVhzdU8TggiogDjFHvGYohA0KnncS7B5koJgzoNBUAVIGNTpjv","refresh":"tGWqLcPRs6YxwFjBAVL6rtqfwwaAuGzuxtlGDwlSvX4vvoteeEeRQBEPKfTiHwAA"}}
2016-08-28 17:43:15 Debug: {"status":"ok","user":{"id":200002,"name":"\u85e4\u5e73 \u8ce2\u6cbb","yomi":"\u30d5\u30b8\u30d2\u30e9 \u30b1\u30f3\u30b8","nickname":"\u3075\u3058\u3072\u3089\u3055\u3093","phone":"08040872311","email":"fujikenmmpt@gmail.com","created":"2016-04-15 12:00:46","modified":"2016-07-06 20:06:36","io":false,"cname":"","cyomi":"","introducer":1000,"agent":0,"usetype":1,"section":2}}
2016-08-30 21:33:31 Debug: {"status":"ok","login":{"user_id":200002,"token":"JBU4VOgU39soon02F8heIOioCZkjUVPxLnNh4AJ8GgnpxLjP2uhUhWbjd67noTLd","refresh":"ES51LHgO31oNEe2C45kncn50pqX6TdVJbGCob7bhBpZzayudI1wHwEtxlqH21rfg"}}
2016-08-30 21:33:34 Debug: {"status":"ok","user":{"id":200002,"name":"\u85e4\u5e73 \u8ce2\u6cbb","yomi":"\u30d5\u30b8\u30d2\u30e9 \u30b1\u30f3\u30b8","nickname":"\u3075\u3058\u3072\u3089\u3055\u3093","phone":"08040872311","email":"fujikenmmpt@gmail.com","created":"2016-04-15 12:00:46","modified":"2016-07-06 20:06:36","io":false,"cname":"","cyomi":"","introducer":1000,"agent":0,"usetype":1,"section":2}}
2016-08-31 23:09:53 Debug: {"status":"ok","login":{"user_id":200002,"token":"JFtq6SRiee9A7Ux5JRgICqye1739COuyBIiNRsm63ra00r5k47sqIqJm0sYHKuMW","refresh":"uaX7n9FxGC1Q6drIBPxWfrzgBOzgdyUEjKH9xtgMvItB7RrXO8Y1NRS6AUFyN7Du"}}
2016-08-31 23:09:54 Debug: {"status":"ok","user":{"id":200002,"name":"\u85e4\u5e73 \u8ce2\u6cbb","yomi":"\u30d5\u30b8\u30d2\u30e9 \u30b1\u30f3\u30b8","nickname":"\u3075\u3058\u3072\u3089\u3055\u3093","phone":"08040872311","email":"fujikenmmpt@gmail.com","created":"2016-04-15 12:00:46","modified":"2016-07-06 20:06:36","io":false,"cname":"","cyomi":"","introducer":1000,"agent":0,"usetype":1,"section":2}}
2016-09-03 19:33:21 Debug: {"status":"ok","login":{"user_id":200002,"token":"zT096EZ6LlXfk6qTOzxpoBLlAZ6aTzHBsFdoJjmKRgE2UVeSXqeIqtMLcn6w19oW","refresh":"itLbQkmvZ3WPomaAE5RDfQk7H77l7iWHEEk4c8RxFeP65Z4YGernvY5bTH3CZGL7"}}
2016-09-03 19:33:22 Debug: {"status":"ok","user":{"id":200002,"name":"\u85e4\u5e73 \u8ce2\u6cbb","yomi":"\u30d5\u30b8\u30d2\u30e9 \u30b1\u30f3\u30b8","nickname":"\u3075\u3058\u3072\u3089\u3055\u3093","phone":"08040872311","email":"fujikenmmpt@gmail.com","created":"2016-04-15 12:00:46","modified":"2016-07-06 20:06:36","io":false,"cname":"","cyomi":"","introducer":1000,"agent":0,"usetype":1,"section":2}}
2016-09-04 18:16:40 Debug: {"status":"ok","login":{"user_id":200002,"token":"pJRCVouNIZHoQaUcVoQHe6a4A3UnQl5RJ4GyZq326aZukg3SDSWvKOwXp4lIve9P","refresh":"FZCW3a1FQBpQOfJQbR3wGGw0JbhbVeNqw9HIrjFON5wORGO93G0HlXyjwMGFAD2T"}}
2016-09-04 18:16:42 Debug: {"status":"ok","user":{"id":200002,"name":"\u85e4\u5e73 \u8ce2\u6cbb","yomi":"\u30d5\u30b8\u30d2\u30e9 \u30b1\u30f3\u30b8","nickname":"\u3075\u3058\u3072\u3089\u3055\u3093","phone":"08040872311","email":"fujikenmmpt@gmail.com","created":"2016-04-15 12:00:46","modified":"2016-07-06 20:06:36","io":false,"cname":"","cyomi":"","introducer":1000,"agent":0,"usetype":1,"section":2}}
2016-09-04 18:16:46 Debug: {"status":"ok","login":{"user_id":200002,"token":"z6L68EwXxLwfOcBlpBDnevrQZHUOpLDQwMSAHctYkHIsIyjva2zc7TvVOXvihd1C","refresh":"2hLzCrPsXG7J9iWnEPBj9LHUkqRp8RAar5uSHCqApVxKjRzqO7uudoyN5l2WODDn"}}
2016-09-04 18:16:46 Debug: {"status":"ok","user":{"id":200002,"name":"\u85e4\u5e73 \u8ce2\u6cbb","yomi":"\u30d5\u30b8\u30d2\u30e9 \u30b1\u30f3\u30b8","nickname":"\u3075\u3058\u3072\u3089\u3055\u3093","phone":"08040872311","email":"fujikenmmpt@gmail.com","created":"2016-04-15 12:00:46","modified":"2016-07-06 20:06:36","io":false,"cname":"","cyomi":"","introducer":1000,"agent":0,"usetype":1,"section":2}}
2016-09-12 21:51:41 Debug: {"status":"ok","login":{"user_id":200002,"token":"p9YRE2sEUZCAV4Z85Af9BVRINbyfBHkwRI4kXH5eM5Ka937mCvLhFtGLyOqD5yvO","refresh":"1ebIsDvEJTGUxPk58Dse98VWdaMORHlXRLN5T58ZZrhnFD82Y9q0orQYPv3vSDxF"}}
2016-09-12 21:51:43 Debug: {"status":"ok","user":{"id":200002,"name":"\u85e4\u5e73 \u8ce2\u6cbb","yomi":"\u30d5\u30b8\u30d2\u30e9 \u30b1\u30f3\u30b8","nickname":"\u3075\u3058\u3072\u3089\u3055\u3093","phone":"08040872311","email":"fujikenmmpt@gmail.com","created":"2016-04-15 12:00:46","modified":"2016-07-06 20:06:36","io":false,"cname":"","cyomi":"","introducer":1000,"agent":0,"usetype":1,"section":2}}
2016-09-18 20:40:46 Debug: {"status":"ok","login":{"user_id":200002,"token":"v1A42ZFNCIGJUOKdpZiGnIfVp15yoPNrVsWDZ7kvRoQEpe8XwMO66ehsKgP58RXR","refresh":"xg8TadMcEkKqn3eVN0gdHHxsmfKZCZwXlEF9uSH7bGgGDBHlKY1QCfqkluhv0EIT"}}
2016-09-18 20:40:47 Debug: {"status":"ok","user":{"id":200002,"name":"\u85e4\u5e73 \u8ce2\u6cbb","yomi":"\u30d5\u30b8\u30d2\u30e9 \u30b1\u30f3\u30b8","nickname":"\u3075\u3058\u3072\u3089\u3055\u3093","phone":"08040872311","email":"fujikenmmpt@gmail.com","created":"2016-04-15 12:00:46","modified":"2016-07-06 20:06:36","io":false,"cname":"","cyomi":"","introducer":1000,"agent":0,"usetype":1,"section":2}}
2016-09-19 15:33:27 Debug: {"status":"ok","login":{"user_id":200002,"token":"xOB6OeYCatZ4c3zrtfAeaVP1MAj0rNPpf5NIwYIpD5QxH3XAAvrCG2NUMFLAXz6u","refresh":"9yYcY41c4dd96heu2I92CQRn69m90vidN7wMucKiEdcJk4e1LxdjVqOaECJDbJKy"}}
2016-09-19 15:33:27 Debug: {"status":"ok","user":{"id":200002,"name":"\u85e4\u5e73 \u8ce2\u6cbb","yomi":"\u30d5\u30b8\u30d2\u30e9 \u30b1\u30f3\u30b8","nickname":"\u3075\u3058\u3072\u3089\u3055\u3093","phone":"08040872311","email":"fujikenmmpt@gmail.com","created":"2016-04-15 12:00:46","modified":"2016-07-06 20:06:36","io":false,"cname":"","cyomi":"","introducer":1000,"agent":0,"usetype":1,"section":2}}
2016-09-19 15:33:28 Debug: {"status":"ok","login":{"user_id":200002,"token":"lGpbYLrfzYGIfaCeRJKjUc0W0WZtTixaLG19D5RIszkmUDcBCb2vXVI9kg5Q83F1","refresh":"vcx3t9r7HdzYydjQ6IxjiF4Zf1nOgVWGbDGOCaSsjRrU0jSBF7LlZKYB1Sj2om3i"}}
2016-09-19 15:33:35 Debug: {"status":"ok","user":{"id":200002,"name":"\u85e4\u5e73 \u8ce2\u6cbb","yomi":"\u30d5\u30b8\u30d2\u30e9 \u30b1\u30f3\u30b8","nickname":"\u3075\u3058\u3072\u3089\u3055\u3093","phone":"08040872311","email":"fujikenmmpt@gmail.com","created":"2016-04-15 12:00:46","modified":"2016-07-06 20:06:36","io":false,"cname":"","cyomi":"","introducer":1000,"agent":0,"usetype":1,"section":2}}
2016-09-19 15:41:16 Debug: {"status":"ok","login":{"user_id":200002,"token":"mM5nL6gofHlFiwoVBl8YScCKFlLIHAU7khPlLC6Ep9059k4kjGSdTZAdUwGFk9Wh","refresh":"MnEb4H3M1SrL3dOWazHQF6vbaFQGqDSj2i6iiuEzh6clAWzNyGV7RflsG82hoHai"}}
2016-09-19 15:41:16 Debug: {"status":"ok","user":{"id":200002,"name":"\u85e4\u5e73 \u8ce2\u6cbb","yomi":"\u30d5\u30b8\u30d2\u30e9 \u30b1\u30f3\u30b8","nickname":"\u3075\u3058\u3072\u3089\u3055\u3093","phone":"08040872311","email":"fujikenmmpt@gmail.com","created":"2016-04-15 12:00:46","modified":"2016-07-06 20:06:36","io":false,"cname":"","cyomi":"","introducer":1000,"agent":0,"usetype":1,"section":2}}
2016-09-19 16:48:04 Debug: {"status":"ok","login":{"user_id":200002,"token":"ds8XJqPSWGXNsHpEg4ZVoeN4R8n6ECsZnuLzGGFAzl6ARhHJwSEzNAoVQWyWRLKj","refresh":"fxLFaV7BA8EWQ2hApZajZKRsHT1yrz88CSW2cFGCTF5WHMx4yKAkzL88gChovWlg"}}
2016-09-19 16:48:04 Debug: {"status":"ok","user":{"id":200002,"name":"\u85e4\u5e73 \u8ce2\u6cbb","yomi":"\u30d5\u30b8\u30d2\u30e9 \u30b1\u30f3\u30b8","nickname":"\u3075\u3058\u3072\u3089\u3055\u3093","phone":"08040872311","email":"fujikenmmpt@gmail.com","created":"2016-04-15 12:00:46","modified":"2016-07-06 20:06:36","io":false,"cname":"","cyomi":"","introducer":1000,"agent":0,"usetype":1,"section":2}}
2016-09-19 17:08:03 Debug: {"status":"ok","login":{"user_id":200002,"token":"bhSierLFWgAIdKtrM1VzLCDP5kV4EyjbOQRU5xCB3jjCZ9tmzsy1waRsVFpIMSEu","refresh":"4bTywykKttTiBt76xeZCMSYjFT8MCpG2U25DCS7JMoxztObPfDsXh1bMpS6xjBKD"}}
2016-09-19 17:08:03 Debug: {"status":"ok","user":{"id":200002,"name":"\u85e4\u5e73 \u8ce2\u6cbb","yomi":"\u30d5\u30b8\u30d2\u30e9 \u30b1\u30f3\u30b8","nickname":"\u3075\u3058\u3072\u3089\u3055\u3093","phone":"08040872311","email":"fujikenmmpt@gmail.com","created":"2016-04-15 12:00:46","modified":"2016-07-06 20:06:36","io":false,"cname":"","cyomi":"","introducer":1000,"agent":0,"usetype":1,"section":2}}
2016-09-19 17:16:17 Debug: {"status":"ok","login":{"user_id":200002,"token":"zsthNAdFDuI4VC6iKa0gWWyPnoW0ALP9buNKffczsB157vvQ8ZbJAB07V6HGQEJF","refresh":"LCqKWAmDy10xSBvKODyZ6VTBVfAACoTbmtvwLkviUI9SnQvRoZ9duIjfRjpIKMmQ"}}
2016-09-19 17:16:17 Debug: {"status":"ok","user":{"id":200002,"name":"\u85e4\u5e73 \u8ce2\u6cbb","yomi":"\u30d5\u30b8\u30d2\u30e9 \u30b1\u30f3\u30b8","nickname":"\u3075\u3058\u3072\u3089\u3055\u3093","phone":"08040872311","email":"fujikenmmpt@gmail.com","created":"2016-04-15 12:00:46","modified":"2016-07-06 20:06:36","io":false,"cname":"","cyomi":"","introducer":1000,"agent":0,"usetype":1,"section":2}}
2017-05-09 22:07:01 Debug: {"status":"ok","login":{"user_id":200002,"token":"9W7X0pP3uL4IuHb5kV3mv0qilvkJ4ErwsuJZ3d4HrIC4c8icnyHTDHq07EsazGy1","refresh":"x26jGl4wXAer7z1xBByFGOGDlsSei7BKkhwLdZ5MaIyKOgbOL8RXGxDoV7WC7eod"}}
2017-05-09 22:07:05 Debug: {"status":"ok","user":{"id":200002,"name":"\u85e4\u5e73 \u8ce2\u6cbb","yomi":"\u30d5\u30b8\u30d2\u30e9 \u30b1\u30f3\u30b8","nickname":"\u3075\u3058\u3072\u3089\u3055\u3093","phone":"08040872311","email":"fujikenmmpt@gmail.com","created":"2016-04-15 12:00:46","modified":"2016-07-06 20:06:36","io":false,"cname":"","cyomi":"","introducer":1000,"agent":0,"usetype":1,"section":2}}
